0 info it worked if it ends with ok
1 verbose cli [ 'C:\\Program Files\\nodejs\\node.exe',
1 verbose cli   'C:\\Program Files\\nodejs\\node_modules\\npm\\bin\\npm-cli.js',
1 verbose cli   'install',
1 verbose cli   '--scripts-prepend-node-path=auto' ]
2 info using npm@3.10.10
3 info using node@v6.11.3
4 silly loadCurrentTree Starting
5 silly install loadCurrentTree
6 silly install readLocalPackageData
7 silly install normalizeTree
8 silly loadCurrentTree Finishing
9 silly loadIdealTree Starting
10 silly install loadIdealTree
11 silly cloneCurrentTree Starting
12 silly install cloneCurrentTreeToIdealTree
13 silly cloneCurrentTree Finishing
14 silly loadShrinkwrap Starting
15 silly install loadShrinkwrap
16 silly loadShrinkwrap Finishing
17 silly loadAllDepsIntoIdealTree Starting
18 silly install loadAllDepsIntoIdealTree
19 silly fetchNamedPackageData fsevents
20 silly mapToRegistry name fsevents
21 silly mapToRegistry using default registry
22 silly mapToRegistry registry https://registry.npmjs.org/
23 silly mapToRegistry data Result {
23 silly mapToRegistry   raw: 'fsevents',
23 silly mapToRegistry   scope: null,
23 silly mapToRegistry   escapedName: 'fsevents',
23 silly mapToRegistry   name: 'fsevents',
23 silly mapToRegistry   rawSpec: '',
23 silly mapToRegistry   spec: 'latest',
23 silly mapToRegistry   type: 'tag' }
24 silly mapToRegistry uri https://registry.npmjs.org/fsevents
25 verbose request uri https://registry.npmjs.org/fsevents
26 verbose request no auth needed
27 info attempt registry request try #1 at 11:04:40 PM
28 verbose request id d7d0d5ce70aced67
29 verbose etag W/"597215e7-dd9a"
30 verbose lastModified Fri, 21 Jul 2017 14:55:35 GMT
31 http request GET https://registry.npmjs.org/fsevents
32 http 304 https://registry.npmjs.org/fsevents
33 verbose headers { date: 'Mon, 18 Sep 2017 04:04:40 GMT',
33 verbose headers   via: '1.1 varnish',
33 verbose headers   'cache-control': 'max-age=300',
33 verbose headers   etag: 'W/"597215e7-dd9a"',
33 verbose headers   age: '281',
33 verbose headers   connection: 'keep-alive',
33 verbose headers   'x-served-by': 'cache-atl6237-ATL',
33 verbose headers   'x-cache': 'HIT',
33 verbose headers   'x-cache-hits': '1',
33 verbose headers   'x-timer': 'S1505707481.556096,VS0,VE0',
33 verbose headers   vary: 'Accept-Encoding, Accept' }
34 silly get cb [ 304,
34 silly get   { date: 'Mon, 18 Sep 2017 04:04:40 GMT',
34 silly get     via: '1.1 varnish',
34 silly get     'cache-control': 'max-age=300',
34 silly get     etag: 'W/"597215e7-dd9a"',
34 silly get     age: '281',
34 silly get     connection: 'keep-alive',
34 silly get     'x-served-by': 'cache-atl6237-ATL',
34 silly get     'x-cache': 'HIT',
34 silly get     'x-cache-hits': '1',
34 silly get     'x-timer': 'S1505707481.556096,VS0,VE0',
34 silly get     vary: 'Accept-Encoding, Accept' } ]
35 verbose etag https://registry.npmjs.org/fsevents from cache
36 verbose get saving fsevents to C:\Users\Sanjay Vasudevan\AppData\Roaming\npm-cache\registry.npmjs.org\fsevents\.cache.json
37 verbose correctMkdir C:\Users\Sanjay Vasudevan\AppData\Roaming\npm-cache correctMkdir not in flight; initializing
38 silly resolveWithNewModule fsevents@1.1.2 checking installable status
39 silly loadAllDepsIntoIdealTree Finishing
40 silly loadIdealTree Finishing
41 silly currentTree angular-seed@0.0.0
41 silly currentTree +-- @types/jasmine@2.6.0
41 silly currentTree +-- @types/node@6.0.88
41 silly currentTree +-- @types/q@0.0.32
41 silly currentTree +-- @types/selenium-webdriver@2.53.37
41 silly currentTree +-- accepts@1.3.3
41 silly currentTree +-- adm-zip@0.4.7
41 silly currentTree +-- after@0.8.2
41 silly currentTree +-- agent-base@2.1.1
41 silly currentTree | `-- semver@5.0.3
41 silly currentTree +-- ajv@4.11.8
41 silly currentTree +-- ansi-regex@2.1.1
41 silly currentTree +-- ansi-styles@2.2.1
41 silly currentTree +-- anymatch@1.3.2
41 silly currentTree +-- arr-diff@2.0.0
41 silly currentTree +-- arr-flatten@1.1.0
41 silly currentTree +-- array-slice@0.2.3
41 silly currentTree +-- array-union@1.0.2
41 silly currentTree +-- array-uniq@1.0.3
41 silly currentTree +-- array-unique@0.2.1
41 silly currentTree +-- arraybuffer.slice@0.0.6
41 silly currentTree +-- arrify@1.0.1
41 silly currentTree +-- asn1@0.2.3
41 silly currentTree +-- assert-plus@0.2.0
41 silly currentTree +-- async-each@1.0.1
41 silly currentTree +-- async@0.9.0
41 silly currentTree +-- asynckit@0.4.0
41 silly currentTree +-- aws-sign2@0.6.0
41 silly currentTree +-- aws4@1.6.0
41 silly currentTree +-- backo2@1.0.2
41 silly currentTree +-- balanced-match@1.0.0
41 silly currentTree +-- base64-arraybuffer@0.1.5
41 silly currentTree +-- base64id@1.0.0
41 silly currentTree +-- batch@0.5.3
41 silly currentTree +-- bcrypt-pbkdf@1.0.1
41 silly currentTree +-- better-assert@1.0.2
41 silly currentTree +-- binary-extensions@1.10.0
41 silly currentTree +-- blob@0.0.4
41 silly currentTree +-- bluebird@2.11.0
41 silly currentTree +-- body-parser@1.18.1
41 silly currentTree | `-- qs@6.5.1
41 silly currentTree +-- boom@2.10.1
41 silly currentTree +-- bower@1.8.2
41 silly currentTree +-- brace-expansion@1.1.8
41 silly currentTree +-- braces@1.8.5
41 silly currentTree +-- bytes@3.0.0
41 silly currentTree +-- callsite@1.0.0
41 silly currentTree +-- caseless@0.12.0
41 silly currentTree +-- chalk@1.1.3
41 silly currentTree +-- chokidar@1.7.0
41 silly currentTree +-- co@4.6.0
41 silly currentTree +-- colors@1.0.3
41 silly currentTree +-- combined-stream@1.0.5
41 silly currentTree +-- component-bind@1.0.0
41 silly currentTree +-- component-emitter@1.1.2
41 silly currentTree +-- component-inherit@0.0.3
41 silly currentTree +-- concat-map@0.0.1
41 silly currentTree +-- connect@3.6.3
41 silly currentTree +-- content-type@1.0.4
41 silly currentTree +-- cookie@0.3.1
41 silly currentTree +-- core-js@2.5.1
41 silly currentTree +-- core-util-is@1.0.2
41 silly currentTree +-- corser@2.0.1
41 silly currentTree +-- cryptiles@2.0.5
41 silly currentTree +-- custom-event@1.0.1
41 silly currentTree +-- dashdash@1.14.1
41 silly currentTree | `-- assert-plus@1.0.0
41 silly currentTree +-- debug@2.6.8
41 silly currentTree +-- del@2.2.2
41 silly currentTree +-- delayed-stream@1.0.0
41 silly currentTree +-- depd@1.1.1
41 silly currentTree +-- di@0.0.1
41 silly currentTree +-- dom-serialize@2.2.1
41 silly currentTree +-- ecc-jsbn@0.1.1
41 silly currentTree +-- ecstatic@1.4.1
41 silly currentTree +-- ee-first@1.1.1
41 silly currentTree +-- encodeurl@1.0.1
41 silly currentTree +-- engine.io-client@1.8.4
41 silly currentTree | +-- component-emitter@1.2.1
41 silly currentTree | +-- debug@2.3.3
41 silly currentTree | +-- ms@0.7.2
41 silly currentTree | `-- ws@1.1.2
41 silly currentTree +-- engine.io-parser@1.3.2
41 silly currentTree +-- engine.io@1.8.4
41 silly currentTree | +-- debug@2.3.3
41 silly currentTree | `-- ms@0.7.2
41 silly currentTree +-- ent@2.2.0
41 silly currentTree +-- escape-html@1.0.3
41 silly currentTree +-- escape-string-regexp@1.0.5
41 silly currentTree +-- eventemitter3@1.2.0
41 silly currentTree +-- exit@0.1.2
41 silly currentTree +-- expand-braces@0.1.2
41 silly currentTree | +-- braces@0.1.5
41 silly currentTree | +-- expand-range@0.1.1
41 silly currentTree | +-- is-number@0.1.1
41 silly currentTree | `-- repeat-string@0.2.2
41 silly currentTree +-- expand-brackets@0.1.5
41 silly currentTree +-- expand-range@1.8.2
41 silly currentTree +-- extend@3.0.1
41 silly currentTree +-- extglob@0.3.2
41 silly currentTree +-- extsprintf@1.3.0
41 silly currentTree +-- filename-regex@2.0.1
41 silly currentTree +-- fill-range@2.2.3
41 silly currentTree +-- finalhandler@1.0.4
41 silly currentTree +-- for-in@1.0.2
41 silly currentTree +-- for-own@0.1.5
41 silly currentTree +-- forever-agent@0.6.1
41 silly currentTree +-- form-data@2.1.4
41 silly currentTree +-- fs-access@1.0.1
41 silly currentTree +-- fs.realpath@1.0.0
41 silly currentTree +-- getpass@0.1.7
41 silly currentTree | `-- assert-plus@1.0.0
41 silly currentTree +-- glob-base@0.3.0
41 silly currentTree +-- glob-parent@2.0.0
41 silly currentTree +-- glob@7.1.2
41 silly currentTree +-- globby@5.0.0
41 silly currentTree +-- graceful-fs@4.1.11
41 silly currentTree +-- har-schema@1.0.5
41 silly currentTree +-- har-validator@4.2.1
41 silly currentTree +-- has-ansi@2.0.0
41 silly currentTree +-- has-binary@0.1.7
41 silly currentTree | `-- isarray@0.0.1
41 silly currentTree +-- has-cors@1.1.0
41 silly currentTree +-- hawk@3.1.3
41 silly currentTree +-- he@0.5.0
41 silly currentTree +-- hoek@2.16.3
41 silly currentTree +-- http-errors@1.6.2
41 silly currentTree +-- http-proxy@1.16.2
41 silly currentTree +-- http-server@0.9.0
41 silly currentTree +-- http-signature@1.1.1
41 silly currentTree +-- https-proxy-agent@1.0.0
41 silly currentTree +-- iconv-lite@0.4.19
41 silly currentTree +-- indexof@0.0.1
41 silly currentTree +-- inflight@1.0.6
41 silly currentTree +-- inherits@2.0.3
41 silly currentTree +-- ini@1.3.4
41 silly currentTree +-- is-binary-path@1.0.1
41 silly currentTree +-- is-buffer@1.1.5
41 silly currentTree +-- is-dotfile@1.0.3
41 silly currentTree +-- is-equal-shallow@0.1.3
41 silly currentTree +-- is-extendable@0.1.1
41 silly currentTree +-- is-extglob@1.0.0
41 silly currentTree +-- is-glob@2.0.1
41 silly currentTree +-- is-number@2.1.0
41 silly currentTree +-- is-path-cwd@1.0.0
41 silly currentTree +-- is-path-in-cwd@1.0.0
41 silly currentTree +-- is-path-inside@1.0.0
41 silly currentTree +-- is-posix-bracket@0.1.1
41 silly currentTree +-- is-primitive@2.0.0
41 silly currentTree +-- is-typedarray@1.0.0
41 silly currentTree +-- isarray@1.0.0
41 silly currentTree +-- isbinaryfile@3.0.2
41 silly currentTree +-- isexe@2.0.0
41 silly currentTree +-- isobject@2.1.0
41 silly currentTree +-- isstream@0.1.2
41 silly currentTree +-- jasmine-core@2.8.0
41 silly currentTree +-- jasmine@2.4.1
41 silly currentTree | +-- glob@3.2.11
41 silly currentTree | +-- jasmine-core@2.4.1
41 silly currentTree | `-- minimatch@0.3.0
41 silly currentTree +-- jasminewd2@0.0.10
41 silly currentTree +-- jsbn@0.1.1
41 silly currentTree +-- json-schema@0.2.3
41 silly currentTree +-- json-stable-stringify@1.0.1
41 silly currentTree +-- json-stringify-safe@5.0.1
41 silly currentTree +-- json3@3.3.2
41 silly currentTree +-- jsonify@0.0.0
41 silly currentTree +-- jsprim@1.4.1
41 silly currentTree | `-- assert-plus@1.0.0
41 silly currentTree +-- karma-chrome-launcher@0.2.3
41 silly currentTree +-- karma-firefox-launcher@0.1.7
41 silly currentTree +-- karma-jasmine@0.3.8
41 silly currentTree +-- karma-junit-reporter@0.4.2
41 silly currentTree +-- karma@0.13.22
41 silly currentTree | `-- colors@1.1.2
41 silly currentTree +-- kind-of@3.2.2
41 silly currentTree +-- lodash@3.10.1
41 silly currentTree +-- log4js@0.6.38
41 silly currentTree | +-- isarray@0.0.1
41 silly currentTree | +-- readable-stream@1.0.34
41 silly currentTree | `-- string_decoder@0.10.31
41 silly currentTree +-- lru-cache@2.2.4
41 silly currentTree +-- media-typer@0.3.0
41 silly currentTree +-- micromatch@2.3.11
41 silly currentTree +-- mime-db@1.30.0
41 silly currentTree +-- mime-types@2.1.17
41 silly currentTree +-- mime@1.4.0
41 silly currentTree +-- minimatch@3.0.4
41 silly currentTree +-- minimist@1.2.0
41 silly currentTree +-- mkdirp@0.5.1
41 silly currentTree | `-- minimist@0.0.8
41 silly currentTree +-- ms@2.0.0
41 silly currentTree +-- negotiator@0.6.1
41 silly currentTree +-- normalize-path@2.1.1
41 silly currentTree +-- null-check@1.0.0
41 silly currentTree +-- oauth-sign@0.8.2
41 silly currentTree +-- object-assign@4.1.0
41 silly currentTree +-- object-component@0.0.3
41 silly currentTree +-- object.omit@2.0.1
41 silly currentTree +-- on-finished@2.3.0
41 silly currentTree +-- once@1.4.0
41 silly currentTree +-- opener@1.4.3
41 silly currentTree +-- optimist@0.6.1
41 silly currentTree | `-- minimist@0.0.10
41 silly currentTree +-- options@0.0.6
41 silly currentTree +-- os-tmpdir@1.0.2
41 silly currentTree +-- parse-glob@3.0.4
41 silly currentTree +-- parsejson@0.0.3
41 silly currentTree +-- parseqs@0.0.5
41 silly currentTree +-- parseuri@0.0.5
41 silly currentTree +-- parseurl@1.3.2
41 silly currentTree +-- path-is-absolute@1.0.1
41 silly currentTree +-- path-is-inside@1.0.2
41 silly currentTree +-- performance-now@0.2.0
41 silly currentTree +-- pify@2.3.0
41 silly currentTree +-- pinkie-promise@2.0.1
41 silly currentTree +-- pinkie@2.0.4
41 silly currentTree +-- portfinder@0.4.0
41 silly currentTree +-- preserve@0.2.0
41 silly currentTree +-- process-nextick-args@1.0.7
41 silly currentTree +-- protractor@4.0.14
41 silly currentTree | +-- semver@5.4.1
41 silly currentTree | `-- webdriver-manager@10.3.0
41 silly currentTree +-- punycode@1.4.1
41 silly currentTree +-- q@1.4.1
41 silly currentTree +-- qs@2.3.3
41 silly currentTree +-- randomatic@1.1.7
41 silly currentTree | +-- is-number@3.0.0
41 silly currentTree | | `-- kind-of@3.2.2
41 silly currentTree | `-- kind-of@4.0.0
41 silly currentTree +-- raw-body@2.3.2
41 silly currentTree +-- readable-stream@2.3.3
41 silly currentTree +-- readdirp@2.1.0
41 silly currentTree +-- regex-cache@0.4.4
41 silly currentTree +-- remove-trailing-separator@1.1.0
41 silly currentTree +-- repeat-element@1.1.2
41 silly currentTree +-- repeat-string@1.6.1
41 silly currentTree +-- request@2.81.0
41 silly currentTree | `-- qs@6.4.0
41 silly currentTree +-- requires-port@1.0.0
41 silly currentTree +-- rimraf@2.6.2
41 silly currentTree +-- safe-buffer@5.1.1
41 silly currentTree +-- saucelabs@1.3.0
41 silly currentTree +-- sax@0.6.1
41 silly currentTree +-- selenium-webdriver@2.53.3
41 silly currentTree | +-- adm-zip@0.4.4
41 silly currentTree | `-- tmp@0.0.24
41 silly currentTree +-- semver@4.3.6
41 silly currentTree +-- set-immediate-shim@1.0.1
41 silly currentTree +-- setprototypeof@1.0.3
41 silly currentTree +-- sigmund@1.0.1
41 silly currentTree +-- sntp@1.0.9
41 silly currentTree +-- socket.io-adapter@0.5.0
41 silly currentTree | +-- debug@2.3.3
41 silly currentTree | `-- ms@0.7.2
41 silly currentTree +-- socket.io-client@1.7.4
41 silly currentTree | +-- component-emitter@1.2.1
41 silly currentTree | +-- debug@2.3.3
41 silly currentTree | `-- ms@0.7.2
41 silly currentTree +-- socket.io-parser@2.3.1
41 silly currentTree | +-- debug@2.2.0
41 silly currentTree | +-- isarray@0.0.1
41 silly currentTree | `-- ms@0.7.1
41 silly currentTree +-- socket.io@1.7.4
41 silly currentTree | +-- debug@2.3.3
41 silly currentTree | `-- ms@0.7.2
41 silly currentTree +-- source-map-support@0.4.18
41 silly currentTree +-- source-map@0.5.7
41 silly currentTree +-- sshpk@1.13.1
41 silly currentTree | `-- assert-plus@1.0.0
41 silly currentTree +-- statuses@1.3.1
41 silly currentTree +-- string_decoder@1.0.3
41 silly currentTree +-- stringstream@0.0.5
41 silly currentTree +-- strip-ansi@3.0.1
41 silly currentTree +-- supports-color@2.0.0
41 silly currentTree +-- tmp@0.0.33
41 silly currentTree +-- to-array@0.1.4
41 silly currentTree +-- tough-cookie@2.3.2
41 silly currentTree +-- tunnel-agent@0.6.0
41 silly currentTree +-- tweetnacl@0.14.5
41 silly currentTree +-- type-is@1.6.15
41 silly currentTree +-- ultron@1.0.2
41 silly currentTree +-- union@0.4.6
41 silly currentTree +-- unpipe@1.0.0
41 silly currentTree +-- url-join@1.1.0
41 silly currentTree +-- useragent@2.2.1
41 silly currentTree +-- util-deprecate@1.0.2
41 silly currentTree +-- utils-merge@1.0.0
41 silly currentTree +-- uuid@3.1.0
41 silly currentTree +-- verror@1.10.0
41 silly currentTree | `-- assert-plus@1.0.0
41 silly currentTree +-- void-elements@2.0.1
41 silly currentTree +-- which@1.3.0
41 silly currentTree +-- wordwrap@0.0.3
41 silly currentTree +-- wrappy@1.0.2
41 silly currentTree +-- ws@1.1.4
41 silly currentTree +-- wtf-8@1.0.0
41 silly currentTree +-- xml2js@0.4.4
41 silly currentTree +-- xmlbuilder@3.1.0
41 silly currentTree +-- xmlhttprequest-ssl@1.5.3
41 silly currentTree `-- yeast@0.1.2
42 silly idealTree angular-seed@0.0.0
42 silly idealTree +-- @types/jasmine@2.6.0
42 silly idealTree +-- @types/node@6.0.88
42 silly idealTree +-- @types/q@0.0.32
42 silly idealTree +-- @types/selenium-webdriver@2.53.37
42 silly idealTree +-- accepts@1.3.3
42 silly idealTree +-- adm-zip@0.4.7
42 silly idealTree +-- after@0.8.2
42 silly idealTree +-- agent-base@2.1.1
42 silly idealTree | `-- semver@5.0.3
42 silly idealTree +-- ajv@4.11.8
42 silly idealTree +-- ansi-regex@2.1.1
42 silly idealTree +-- ansi-styles@2.2.1
42 silly idealTree +-- anymatch@1.3.2
42 silly idealTree +-- arr-diff@2.0.0
42 silly idealTree +-- arr-flatten@1.1.0
42 silly idealTree +-- array-slice@0.2.3
42 silly idealTree +-- array-union@1.0.2
42 silly idealTree +-- array-uniq@1.0.3
42 silly idealTree +-- array-unique@0.2.1
42 silly idealTree +-- arraybuffer.slice@0.0.6
42 silly idealTree +-- arrify@1.0.1
42 silly idealTree +-- asn1@0.2.3
42 silly idealTree +-- assert-plus@0.2.0
42 silly idealTree +-- async-each@1.0.1
42 silly idealTree +-- async@0.9.0
42 silly idealTree +-- asynckit@0.4.0
42 silly idealTree +-- aws-sign2@0.6.0
42 silly idealTree +-- aws4@1.6.0
42 silly idealTree +-- backo2@1.0.2
42 silly idealTree +-- balanced-match@1.0.0
42 silly idealTree +-- base64-arraybuffer@0.1.5
42 silly idealTree +-- base64id@1.0.0
42 silly idealTree +-- batch@0.5.3
42 silly idealTree +-- bcrypt-pbkdf@1.0.1
42 silly idealTree +-- better-assert@1.0.2
42 silly idealTree +-- binary-extensions@1.10.0
42 silly idealTree +-- blob@0.0.4
42 silly idealTree +-- bluebird@2.11.0
42 silly idealTree +-- body-parser@1.18.1
42 silly idealTree | `-- qs@6.5.1
42 silly idealTree +-- boom@2.10.1
42 silly idealTree +-- bower@1.8.2
42 silly idealTree +-- brace-expansion@1.1.8
42 silly idealTree +-- braces@1.8.5
42 silly idealTree +-- bytes@3.0.0
42 silly idealTree +-- callsite@1.0.0
42 silly idealTree +-- caseless@0.12.0
42 silly idealTree +-- chalk@1.1.3
42 silly idealTree +-- chokidar@1.7.0
42 silly idealTree +-- co@4.6.0
42 silly idealTree +-- colors@1.0.3
42 silly idealTree +-- combined-stream@1.0.5
42 silly idealTree +-- component-bind@1.0.0
42 silly idealTree +-- component-emitter@1.1.2
42 silly idealTree +-- component-inherit@0.0.3
42 silly idealTree +-- concat-map@0.0.1
42 silly idealTree +-- connect@3.6.3
42 silly idealTree +-- content-type@1.0.4
42 silly idealTree +-- cookie@0.3.1
42 silly idealTree +-- core-js@2.5.1
42 silly idealTree +-- core-util-is@1.0.2
42 silly idealTree +-- corser@2.0.1
42 silly idealTree +-- cryptiles@2.0.5
42 silly idealTree +-- custom-event@1.0.1
42 silly idealTree +-- dashdash@1.14.1
42 silly idealTree | `-- assert-plus@1.0.0
42 silly idealTree +-- debug@2.6.8
42 silly idealTree +-- del@2.2.2
42 silly idealTree +-- delayed-stream@1.0.0
42 silly idealTree +-- depd@1.1.1
42 silly idealTree +-- di@0.0.1
42 silly idealTree +-- dom-serialize@2.2.1
42 silly idealTree +-- ecc-jsbn@0.1.1
42 silly idealTree +-- ecstatic@1.4.1
42 silly idealTree +-- ee-first@1.1.1
42 silly idealTree +-- encodeurl@1.0.1
42 silly idealTree +-- engine.io-client@1.8.4
42 silly idealTree | +-- component-emitter@1.2.1
42 silly idealTree | +-- debug@2.3.3
42 silly idealTree | +-- ms@0.7.2
42 silly idealTree | `-- ws@1.1.2
42 silly idealTree +-- engine.io-parser@1.3.2
42 silly idealTree +-- engine.io@1.8.4
42 silly idealTree | +-- debug@2.3.3
42 silly idealTree | `-- ms@0.7.2
42 silly idealTree +-- ent@2.2.0
42 silly idealTree +-- escape-html@1.0.3
42 silly idealTree +-- escape-string-regexp@1.0.5
42 silly idealTree +-- eventemitter3@1.2.0
42 silly idealTree +-- exit@0.1.2
42 silly idealTree +-- expand-braces@0.1.2
42 silly idealTree | +-- braces@0.1.5
42 silly idealTree | +-- expand-range@0.1.1
42 silly idealTree | +-- is-number@0.1.1
42 silly idealTree | `-- repeat-string@0.2.2
42 silly idealTree +-- expand-brackets@0.1.5
42 silly idealTree +-- expand-range@1.8.2
42 silly idealTree +-- extend@3.0.1
42 silly idealTree +-- extglob@0.3.2
42 silly idealTree +-- extsprintf@1.3.0
42 silly idealTree +-- filename-regex@2.0.1
42 silly idealTree +-- fill-range@2.2.3
42 silly idealTree +-- finalhandler@1.0.4
42 silly idealTree +-- for-in@1.0.2
42 silly idealTree +-- for-own@0.1.5
42 silly idealTree +-- forever-agent@0.6.1
42 silly idealTree +-- form-data@2.1.4
42 silly idealTree +-- fs-access@1.0.1
42 silly idealTree +-- fs.realpath@1.0.0
42 silly idealTree +-- getpass@0.1.7
42 silly idealTree | `-- assert-plus@1.0.0
42 silly idealTree +-- glob-base@0.3.0
42 silly idealTree +-- glob-parent@2.0.0
42 silly idealTree +-- glob@7.1.2
42 silly idealTree +-- globby@5.0.0
42 silly idealTree +-- graceful-fs@4.1.11
42 silly idealTree +-- har-schema@1.0.5
42 silly idealTree +-- har-validator@4.2.1
42 silly idealTree +-- has-ansi@2.0.0
42 silly idealTree +-- has-binary@0.1.7
42 silly idealTree | `-- isarray@0.0.1
42 silly idealTree +-- has-cors@1.1.0
42 silly idealTree +-- hawk@3.1.3
42 silly idealTree +-- he@0.5.0
42 silly idealTree +-- hoek@2.16.3
42 silly idealTree +-- http-errors@1.6.2
42 silly idealTree +-- http-proxy@1.16.2
42 silly idealTree +-- http-server@0.9.0
42 silly idealTree +-- http-signature@1.1.1
42 silly idealTree +-- https-proxy-agent@1.0.0
42 silly idealTree +-- iconv-lite@0.4.19
42 silly idealTree +-- indexof@0.0.1
42 silly idealTree +-- inflight@1.0.6
42 silly idealTree +-- inherits@2.0.3
42 silly idealTree +-- ini@1.3.4
42 silly idealTree +-- is-binary-path@1.0.1
42 silly idealTree +-- is-buffer@1.1.5
42 silly idealTree +-- is-dotfile@1.0.3
42 silly idealTree +-- is-equal-shallow@0.1.3
42 silly idealTree +-- is-extendable@0.1.1
42 silly idealTree +-- is-extglob@1.0.0
42 silly idealTree +-- is-glob@2.0.1
42 silly idealTree +-- is-number@2.1.0
42 silly idealTree +-- is-path-cwd@1.0.0
42 silly idealTree +-- is-path-in-cwd@1.0.0
42 silly idealTree +-- is-path-inside@1.0.0
42 silly idealTree +-- is-posix-bracket@0.1.1
42 silly idealTree +-- is-primitive@2.0.0
42 silly idealTree +-- is-typedarray@1.0.0
42 silly idealTree +-- isarray@1.0.0
42 silly idealTree +-- isbinaryfile@3.0.2
42 silly idealTree +-- isexe@2.0.0
42 silly idealTree +-- isobject@2.1.0
42 silly idealTree +-- isstream@0.1.2
42 silly idealTree +-- jasmine-core@2.8.0
42 silly idealTree +-- jasmine@2.4.1
42 silly idealTree | +-- glob@3.2.11
42 silly idealTree | +-- jasmine-core@2.4.1
42 silly idealTree | `-- minimatch@0.3.0
42 silly idealTree +-- jasminewd2@0.0.10
42 silly idealTree +-- jsbn@0.1.1
42 silly idealTree +-- json-schema@0.2.3
42 silly idealTree +-- json-stable-stringify@1.0.1
42 silly idealTree +-- json-stringify-safe@5.0.1
42 silly idealTree +-- json3@3.3.2
42 silly idealTree +-- jsonify@0.0.0
42 silly idealTree +-- jsprim@1.4.1
42 silly idealTree | `-- assert-plus@1.0.0
42 silly idealTree +-- karma-chrome-launcher@0.2.3
42 silly idealTree +-- karma-firefox-launcher@0.1.7
42 silly idealTree +-- karma-jasmine@0.3.8
42 silly idealTree +-- karma-junit-reporter@0.4.2
42 silly idealTree +-- karma@0.13.22
42 silly idealTree | `-- colors@1.1.2
42 silly idealTree +-- kind-of@3.2.2
42 silly idealTree +-- lodash@3.10.1
42 silly idealTree +-- log4js@0.6.38
42 silly idealTree | +-- isarray@0.0.1
42 silly idealTree | +-- readable-stream@1.0.34
42 silly idealTree | `-- string_decoder@0.10.31
42 silly idealTree +-- lru-cache@2.2.4
42 silly idealTree +-- media-typer@0.3.0
42 silly idealTree +-- micromatch@2.3.11
42 silly idealTree +-- mime-db@1.30.0
42 silly idealTree +-- mime-types@2.1.17
42 silly idealTree +-- mime@1.4.0
42 silly idealTree +-- minimatch@3.0.4
42 silly idealTree +-- minimist@1.2.0
42 silly idealTree +-- mkdirp@0.5.1
42 silly idealTree | `-- minimist@0.0.8
42 silly idealTree +-- ms@2.0.0
42 silly idealTree +-- negotiator@0.6.1
42 silly idealTree +-- normalize-path@2.1.1
42 silly idealTree +-- null-check@1.0.0
42 silly idealTree +-- oauth-sign@0.8.2
42 silly idealTree +-- object-assign@4.1.0
42 silly idealTree +-- object-component@0.0.3
42 silly idealTree +-- object.omit@2.0.1
42 silly idealTree +-- on-finished@2.3.0
42 silly idealTree +-- once@1.4.0
42 silly idealTree +-- opener@1.4.3
42 silly idealTree +-- optimist@0.6.1
42 silly idealTree | `-- minimist@0.0.10
42 silly idealTree +-- options@0.0.6
42 silly idealTree +-- os-tmpdir@1.0.2
42 silly idealTree +-- parse-glob@3.0.4
42 silly idealTree +-- parsejson@0.0.3
42 silly idealTree +-- parseqs@0.0.5
42 silly idealTree +-- parseuri@0.0.5
42 silly idealTree +-- parseurl@1.3.2
42 silly idealTree +-- path-is-absolute@1.0.1
42 silly idealTree +-- path-is-inside@1.0.2
42 silly idealTree +-- performance-now@0.2.0
42 silly idealTree +-- pify@2.3.0
42 silly idealTree +-- pinkie-promise@2.0.1
42 silly idealTree +-- pinkie@2.0.4
42 silly idealTree +-- portfinder@0.4.0
42 silly idealTree +-- preserve@0.2.0
42 silly idealTree +-- process-nextick-args@1.0.7
42 silly idealTree +-- protractor@4.0.14
42 silly idealTree | +-- semver@5.4.1
42 silly idealTree | `-- webdriver-manager@10.3.0
42 silly idealTree +-- punycode@1.4.1
42 silly idealTree +-- q@1.4.1
42 silly idealTree +-- qs@2.3.3
42 silly idealTree +-- randomatic@1.1.7
42 silly idealTree | +-- is-number@3.0.0
42 silly idealTree | | `-- kind-of@3.2.2
42 silly idealTree | `-- kind-of@4.0.0
42 silly idealTree +-- raw-body@2.3.2
42 silly idealTree +-- readable-stream@2.3.3
42 silly idealTree +-- readdirp@2.1.0
42 silly idealTree +-- regex-cache@0.4.4
42 silly idealTree +-- remove-trailing-separator@1.1.0
42 silly idealTree +-- repeat-element@1.1.2
42 silly idealTree +-- repeat-string@1.6.1
42 silly idealTree +-- request@2.81.0
42 silly idealTree | `-- qs@6.4.0
42 silly idealTree +-- requires-port@1.0.0
42 silly idealTree +-- rimraf@2.6.2
42 silly idealTree +-- safe-buffer@5.1.1
42 silly idealTree +-- saucelabs@1.3.0
42 silly idealTree +-- sax@0.6.1
42 silly idealTree +-- selenium-webdriver@2.53.3
42 silly idealTree | +-- adm-zip@0.4.4
42 silly idealTree | `-- tmp@0.0.24
42 silly idealTree +-- semver@4.3.6
42 silly idealTree +-- set-immediate-shim@1.0.1
42 silly idealTree +-- setprototypeof@1.0.3
42 silly idealTree +-- sigmund@1.0.1
42 silly idealTree +-- sntp@1.0.9
42 silly idealTree +-- socket.io-adapter@0.5.0
42 silly idealTree | +-- debug@2.3.3
42 silly idealTree | `-- ms@0.7.2
42 silly idealTree +-- socket.io-client@1.7.4
42 silly idealTree | +-- component-emitter@1.2.1
42 silly idealTree | +-- debug@2.3.3
42 silly idealTree | `-- ms@0.7.2
42 silly idealTree +-- socket.io-parser@2.3.1
42 silly idealTree | +-- debug@2.2.0
42 silly idealTree | +-- isarray@0.0.1
42 silly idealTree | `-- ms@0.7.1
42 silly idealTree +-- socket.io@1.7.4
42 silly idealTree | +-- debug@2.3.3
42 silly idealTree | `-- ms@0.7.2
42 silly idealTree +-- source-map-support@0.4.18
42 silly idealTree +-- source-map@0.5.7
42 silly idealTree +-- sshpk@1.13.1
42 silly idealTree | `-- assert-plus@1.0.0
42 silly idealTree +-- statuses@1.3.1
42 silly idealTree +-- string_decoder@1.0.3
42 silly idealTree +-- stringstream@0.0.5
42 silly idealTree +-- strip-ansi@3.0.1
42 silly idealTree +-- supports-color@2.0.0
42 silly idealTree +-- tmp@0.0.33
42 silly idealTree +-- to-array@0.1.4
42 silly idealTree +-- tough-cookie@2.3.2
42 silly idealTree +-- tunnel-agent@0.6.0
42 silly idealTree +-- tweetnacl@0.14.5
42 silly idealTree +-- type-is@1.6.15
42 silly idealTree +-- ultron@1.0.2
42 silly idealTree +-- union@0.4.6
42 silly idealTree +-- unpipe@1.0.0
42 silly idealTree +-- url-join@1.1.0
42 silly idealTree +-- useragent@2.2.1
42 silly idealTree +-- util-deprecate@1.0.2
42 silly idealTree +-- utils-merge@1.0.0
42 silly idealTree +-- uuid@3.1.0
42 silly idealTree +-- verror@1.10.0
42 silly idealTree | `-- assert-plus@1.0.0
42 silly idealTree +-- void-elements@2.0.1
42 silly idealTree +-- which@1.3.0
42 silly idealTree +-- wordwrap@0.0.3
42 silly idealTree +-- wrappy@1.0.2
42 silly idealTree +-- ws@1.1.4
42 silly idealTree +-- wtf-8@1.0.0
42 silly idealTree +-- xml2js@0.4.4
42 silly idealTree +-- xmlbuilder@3.1.0
42 silly idealTree +-- xmlhttprequest-ssl@1.5.3
42 silly idealTree `-- yeast@0.1.2
43 silly generateActionsToTake Starting
44 silly install generateActionsToTake
45 silly generateActionsToTake Finishing
46 silly diffTrees action count 0
47 silly decomposeActions action count 0
48 silly runTopLevelLifecycles Starting
49 silly install runPreinstallTopLevelLifecycles
50 silly preinstall angular-seed@0.0.0 C:\Users\Sanjay Vasudevan\IdeaProjects\nAnerd\angular-seed-1f0117c7
51 info lifecycle angular-seed@0.0.0~preinstall: angular-seed@0.0.0
52 silly lifecycle angular-seed@0.0.0~preinstall: no script for preinstall, continuing
53 silly executeActions Starting
54 silly install executeActions
55 silly doSerial global-install 0
56 silly doParallel fetch 0
57 verbose correctMkdir C:\Users\Sanjay Vasudevan\AppData\Roaming\npm-cache\_locks correctMkdir not in flight; initializing
58 verbose lock using C:\Users\Sanjay Vasudevan\AppData\Roaming\npm-cache\_locks\staging-9384cf4b70bb1806.lock for C:\Users\Sanjay Vasudevan\IdeaProjects\nAnerd\node_modules\.staging
59 silly doParallel extract 0
60 silly doParallel preinstall 0
61 silly doReverseSerial remove 0
62 silly doSerial move 0
63 silly doSerial finalize 0
64 silly doSerial build 0
65 silly doSerial global-link 0
66 silly doParallel update-linked 0
67 silly doSerial install 0
68 silly doSerial postinstall 0
69 verbose unlock done using C:\Users\Sanjay Vasudevan\AppData\Roaming\npm-cache\_locks\staging-9384cf4b70bb1806.lock for C:\Users\Sanjay Vasudevan\IdeaProjects\nAnerd\node_modules\.staging
70 silly executeActions Finishing
71 silly rollbackFailedOptional Starting
72 silly rollbackFailedOptional Finishing
73 silly install runPostinstallTopLevelLifecycles
74 silly build angular-seed@0.0.0
75 info linkStuff angular-seed@0.0.0
76 silly linkStuff angular-seed@0.0.0 has C:\Users\Sanjay Vasudevan\IdeaProjects as its parent node_modules
77 verbose linkBins angular-seed@0.0.0
78 verbose linkMans angular-seed@0.0.0
79 silly install angular-seed@0.0.0 C:\Users\Sanjay Vasudevan\IdeaProjects\nAnerd\angular-seed-1f0117c7
80 info lifecycle angular-seed@0.0.0~install: angular-seed@0.0.0
81 silly lifecycle angular-seed@0.0.0~install: no script for install, continuing
82 silly postinstall angular-seed@0.0.0 C:\Users\Sanjay Vasudevan\IdeaProjects\nAnerd\angular-seed-1f0117c7
83 info lifecycle angular-seed@0.0.0~postinstall: angular-seed@0.0.0
84 verbose lifecycle angular-seed@0.0.0~postinstall: unsafe-perm in lifecycle true
85 verbose lifecycle angular-seed@0.0.0~postinstall: PATH: C:\Program Files\nodejs\node_modules\npm\bin\node-gyp-bin;C:\Users\Sanjay Vasudevan\IdeaProjects\nAnerd\node_modules\.bin;C:\ProgramData\Oracle\Java\javapath;C:\Program Files (x86)\Intel\iCLS Client\;C:\Program Files\Intel\iCLS Client\;C:\Windows\system32;C:\Windows;C:\Windows\System32\Wbem;C:\Windows\System32\WindowsPowerShell\v1.0\;C:\Program Files\Intel\Intel(R) Management Engine Components\DAL;C:\Program Files (x86)\Intel\Intel(R) Management Engine Components\DAL;C:\Program Files\Intel\Intel(R) Management Engine Components\IPT;C:\Program Files (x86)\Intel\Intel(R) Management Engine Components\IPT;C:\Program Files (x86)\NVIDIA Corporation\PhysX\Common;C:\Program Files (x86)\Windows Live\Shared;C:\WINDOWS\system32;C:\WINDOWS;C:\WINDOWS\System32\Wbem;C:\WINDOWS\System32\WindowsPowerShell\v1.0\;C:\Program Files (x86)\Microsoft SQL Server\100\Tools\Binn\;C:\Program Files\Microsoft SQL Server\100\Tools\Binn\;C:\Program Files (x86)\ImageConverter Plus;C:\Users\Sanjay Vasudevan\.dnx\bin;C:\Program Files\Microsoft DNX\Dnvm\;C:\Program Files\Microsoft SQL Server\130\Tools\Binn\;C:\Program Files (x86)\Windows Kits\8.1\Windows Performance Toolkit\;C:\Program Files (x86)\Skype\Phone\;C:\Program Files\nodejs\;C:\Program Files\Intel\WiFi\bin\;C:\Program Files\Common Files\Intel\WirelessCommon\;C:\Users\Sanjay Vasudevan\AppData\Local\Microsoft\WindowsApps;C:\Program Files (x86)\ImageConverter Plus;C:\Users\Sanjay Vasudevan\AppData\Roaming\npm;C:\Program Files\Intel\WiFi\bin\;C:\Program Files\Common Files\Intel\WirelessCommon\
86 verbose lifecycle angular-seed@0.0.0~postinstall: CWD: C:\Users\Sanjay Vasudevan\IdeaProjects\nAnerd
87 silly lifecycle angular-seed@0.0.0~postinstall: Args: [ '/d /s /c', 'bower install' ]
88 silly lifecycle angular-seed@0.0.0~postinstall: Returned: code: 1  signal: null
89 info lifecycle angular-seed@0.0.0~postinstall: Failed to exec postinstall script
90 warn optional SKIPPING OPTIONAL DEPENDENCY: fsevents@^1.0.0 (node_modules\chokidar\node_modules\fsevents):
91 warn notsup SKIPPING OPTIONAL DEPENDENCY: Unsupported platform for fsevents@1.1.2: wanted {"os":"darwin","arch":"any"} (current: {"os":"win32","arch":"x64"})
92 verbose notsup SKIPPING OPTIONAL DEPENDENCY: Valid OS:    darwin
92 verbose notsup SKIPPING OPTIONAL DEPENDENCY: Valid Arch:  any
92 verbose notsup SKIPPING OPTIONAL DEPENDENCY: Actual OS:   win32
92 verbose notsup SKIPPING OPTIONAL DEPENDENCY: Actual Arch: x64
93 verbose stack Error: angular-seed@0.0.0 postinstall: `bower install`
93 verbose stack Exit status 1
93 verbose stack     at EventEmitter.<anonymous> (C:\Program Files\nodejs\node_modules\npm\lib\utils\lifecycle.js:255:16)
93 verbose stack     at emitTwo (events.js:106:13)
93 verbose stack     at EventEmitter.emit (events.js:191:7)
93 verbose stack     at ChildProcess.<anonymous> (C:\Program Files\nodejs\node_modules\npm\lib\utils\spawn.js:40:14)
93 verbose stack     at emitTwo (events.js:106:13)
93 verbose stack     at ChildProcess.emit (events.js:191:7)
93 verbose stack     at maybeClose (internal/child_process.js:920:16)
93 verbose stack     at Process.ChildProcess._handle.onexit (internal/child_process.js:230:5)
94 verbose pkgid angular-seed@0.0.0
95 verbose cwd C:\Users\Sanjay Vasudevan\IdeaProjects\nAnerd
96 error Windows_NT 10.0.15063
97 error argv "C:\\Program Files\\nodejs\\node.exe" "C:\\Program Files\\nodejs\\node_modules\\npm\\bin\\npm-cli.js" "install" "--scripts-prepend-node-path=auto"
98 error node v6.11.3
99 error npm  v3.10.10
100 error code ELIFECYCLE
101 error angular-seed@0.0.0 postinstall: `bower install`
101 error Exit status 1
102 error Failed at the angular-seed@0.0.0 postinstall script 'bower install'.
102 error Make sure you have the latest version of node.js and npm installed.
102 error If you do, this is most likely a problem with the angular-seed package,
102 error not with npm itself.
102 error Tell the author that this fails on your system:
102 error     bower install
102 error You can get information on how to open an issue for this project with:
102 error     npm bugs angular-seed
102 error Or if that isn't available, you can get their info via:
102 error     npm owner ls angular-seed
102 error There is likely additional logging output above.
103 verbose exit [ 1, true ]
